<?xml version="1.0" encoding="UTF-8"?>
<!-- Generated by org.testng.reporters.JUnitReportReporter -->
<testsuite hostname="LAPTOP-39100DHL" failures="0" tests="1" name="Testng.HRMUserManagement" time="21.660" errors="0" timestamp="2023-11-10T16:24:31 IST" skipped="0">
  <testcase classname="Testng.HRMUserManagement" name="UserManagement" time="21.660"/>
</testsuite> <!-- Testng.HRMUserManagement -->
