<?xml version="1.0" encoding="UTF-8"?>
<!-- Generated by org.testng.reporters.JUnitReportReporter -->
<testsuite hostname="LAPTOP-39100DHL" failures="0" tests="1" name="Testng.HRMlogin" time="10.885" errors="0" timestamp="2023-11-10T16:10:42 IST" skipped="0">
  <testcase classname="Testng.HRMlogin" name="LaunchApp" time="10.885"/>
</testsuite> <!-- Testng.HRMlogin -->
