<?xml version="1.0" encoding="UTF-8"?>
<!-- Generated by org.testng.reporters.JUnitReportReporter -->
<testsuite hostname="LAPTOP-39100DHL" failures="0" tests="1" name="Testng.HRMDeleteUser" time="16.608" errors="0" timestamp="2023-11-10T16:33:23 IST" skipped="0">
  <testcase classname="Testng.HRMDeleteUser" name="DeleteUser" time="16.608"/>
</testsuite> <!-- Testng.HRMDeleteUser -->
